Arguments: 
  D:\node.js\node.exe C:\Users\pengyang\AppData\Roaming\npm\node_modules\yarn\bin\yarn.js add vue-quill-editor

PATH: 
  C:\Program Files (x86)\Common Files\Oracle\Java\javapath;D:\python\Scripts\;D:\python\;D:\VMware Workstation\bin\;C:\Windows\system32;C:\Windows;C:\Windows\System32\Wbem;C:\Windows\System32\WindowsPowerShell\v1.0\;C:\Windows\System32\OpenSSH\;C:\Program Files (x86)\NVIDIA Corporation\PhysX\Common;C:\Program Files\NVIDIA Corporation\NVIDIA NvDLISR;D:\node.js\;D:\Git\Git\cmd;D:\Git\TortoiseGit\bin;C:\Program Files\MySQL\MySQL Server 8.0\bin;C:\Users\pengyang\AppData\Local\Microsoft\WindowsApps;;D:\vscode\Microsoft VS Code\bin;C:\Users\pengyang\AppData\Roaming\npm;D:\PyCharm\PyCharm 2018.3.3\bin;;D:\SoftWare\DataGrip\DataGrip 2020.2.3\bin;

Yarn version: 
  1.22.19

Node version: 
  16.15.0

Platform: 
  win32 x64

Trace: 
  Error: EPERM: operation not permitted, unlink 'F:\git_graduation\code\student-admin\node_modules\node-sass\vendor\win32-x64-93\binding.node'

npm manifest: 
  {
    "name": "vueadmin",
    "version": "1.0.5",
    "description": "vue admin project",
    "author": "taylor <709161610@qq.com>",
    "license": "MIT",
    "scripts": {
      "dev": "node build/dev-server.js",
      "start": "node build/dev-server.js",
      "build": "node build/build.js"
    },
    "dependencies": {
      "axios": "^0.15.3",
      "docxtemplater": "^3.21.1",
      "echarts": "^5.1.0",
      "element-ui": "^2.15.1",
      "file-saver": "^2.0.5",
      "FileSaver": "^0.10.0",
      "font-awesome": "^4.7.0",
      "jszip": "^3.6.0",
      "jszip-utils": "^0.1.0",
      "node-sass": "^8.0.0",
      "nprogress": "^0.2.0",
      "pizzip": "^3.0.6",
      "vue": "^2.2.2",
      "vue-router": "^2.3.0",
      "vuex": "^2.0.0-rc.6"
    },
    "devDependencies": {
      "autoprefixer": "^6.7.2",
      "axios-mock-adapter": "^1.7.1",
      "babel-core": "^6.22.1",
      "babel-loader": "^6.2.10",
      "babel-plugin-transform-runtime": "^6.22.0",
      "babel-polyfill": "^6.16.0",
      "babel-preset-env": "^1.2.1",
      "babel-preset-es2015": "^6.0.0",
      "babel-preset-stage-2": "^6.22.0",
      "babel-register": "^6.22.0",
      "chalk": "^1.1.3",
      "connect-history-api-fallback": "^1.3.0",
      "copy-webpack-plugin": "^4.0.1",
      "css-loader": "^0.26.1",
      "eventsource-polyfill": "^0.9.6",
      "express": "^4.14.1",
      "extract-text-webpack-plugin": "^2.0.0",
      "file-loader": "^0.10.0",
      "friendly-errors-webpack-plugin": "^1.1.3",
      "function-bind": "^1.0.2",
      "html-webpack-plugin": "^2.28.0",
      "http-proxy-middleware": "^0.17.3",
      "json-loader": "^0.5.4",
      "mockjs": "^1.0.1-beta3",
      "opn": "^4.0.2",
      "optimize-css-assets-webpack-plugin": "^1.3.0",
      "ora": "^1.0.0",
      "rimraf": "^2.6.0",
      "sass-loader": "^6.0.0",
      "semver": "^5.3.0",
      "shelljs": "^0.7.6",
      "url-loader": "^0.5.8",
      "vue-loader": "^11.1.4",
      "vue-style-loader": "^2.0.0",
      "vue-template-compiler": "^2.2.4",
      "webpack": "^2.2.1",
      "webpack-bundle-analyzer": "^2.2.1",
      "webpack-dev-middleware": "^1.10.0",
      "webpack-hot-middleware": "^2.16.1",
      "webpack-merge": "^2.6.1"
    },
    "engines": {
      "node": ">= 4.0.0",
      "npm": ">= 3.0.0"
    },
    "browserslist": [
      "> 1%",
      "last 2 versions",
      "not ie <= 8"
    ]
  }

yarn manifest: 
  No manifest

Lockfile: 
  No lockfile
